c[?7l[2J[0mSeaBIOS (version 1.12.0-20181126_142135-anatol)


iPXE (http://ipxe.org) 00:03.0 C980 PCI2.10 PnP PMM+07F92280+07EF2280 C980
Press Ctrl-B to configure iPXE (PCI 00:03.0)...                                                                               


Booting from Hard Disk..(THU.CST) os is loading ...

Special kernel symbols:
  entry  0x00100000 (phys)
  etext  0x001034a9 (phys)
  edata  0x0010ea16 (phys)
  end    0x0010fd20 (phys)
Kernel executable memory footprint: 64KB
ebp:0x00007b08 eip:0x00100a73 args:0x000100b4 0x00000000 0x00007b38 0x00100092 
    kern/debug/kdebug.c:306: print_stackframe+21
ebp:0x00007b18 eip:0x00100d69 args:0x00000000 0x00000000 0x00000000 0x00007b88 
    kern/debug/kmonitor.c:125: mon_backtrace+10
ebp:0x00007b38 eip:0x00100092 args:0x00000000 0x00007b60 0xffff0000 0x00007b64 
    kern/init/init.c:48: grade_backtrace2+33
ebp:0x00007b58 eip:0x001000bb args:0x00000000 0xffff0000 0x00007b84 0x00000029 
    kern/init/init.c:53: grade_backtrace1+38
ebp:0x00007b78 eip:0x001000d9 args:0x00000000 0x00100000 0xffff0000 0x0000001d 
    kern/init/init.c:58: grade_backtrace0+23
ebp:0x00007b98 eip:0x001000fe args:0x001034dc 0x001034c0 0x0000130a 0x00000000 
    kern/init/init.c:63: grade_backtrace+34
ebp:0x00007bc8 eip:0x00100055 args:0x00000000 0x00000000 0x00000000 0x000100b4 
    kern/init/init.c:28: kern_init+84
ebp:0x00007bf8 eip:0x00007d68 args:0xc031fcfa 0xc08ed88e 0x64e4d08e 0xfa7502a8 
    <unknow>: -- 0x00007d67 --
++ setup timer interrupts
100 ticks
End of Test.
kernel panic at kern/trap/trap.c:18:
    EOT: kernel seems ok.
stack trackback:
ebp:0x00007ab0 eip:0x00100a73 args:0x00103588 0x00007af4 0x00000012 0x00007b2c 
    kern/debug/kdebug.c:306: print_stackframe+21
ebp:0x00007ae0 eip:0x0010041d args:0x0010384e 0x00000012 0x00103838 0x00000008 
    kern/debug/panic.c:27: __panic+105
ebp:0x00007b00 eip:0x0010183d args:0x00007b38 0x00100257 0x00100209 0x00007b2c 
    kern/trap/trap.c:18: print_ticks+65
ebp:0x00007b30 eip:0x00101cdd args:0x00007b5c 0x0010027a 0x001037d2 0x00007b74 
    kern/trap/trap.c:162: trap_dispatch+108
ebp:0x00007b50 eip:0x00101d9b args:0x00007b5c 0x00000001 0x00000000 0x00007bc8 
    kern/trap/trap.c:199: trap+16
ebp:0x00007bc8 eip:0x00102825 args:0x00000000 0x00000000 0x00000000 0x000100b4 
    kern/trap/trapentry.S:24: <unknown>+0
ebp:0x00007bf8 eip:0x00007d68 args:0xc031fcfa 0xc08ed88e 0x64e4d08e 0xfa7502a8 
    <unknow>: -- 0x00007d67 --
Welcome to the kernel debug monitor!!
Type 'help' for a list of commands.
K> 